mode: atomic
github.com/tiyee/gokit/assert/assert.go:27.36,29.2 1 0
github.com/tiyee/gokit/assert/assert.go:31.33,33.2 1 0
github.com/tiyee/gokit/assert/assert.go:36.55,38.2 1 0
github.com/tiyee/gokit/assert/assert.go:41.57,42.24 1 0
github.com/tiyee/gokit/assert/assert.go:42.24,44.3 1 0
github.com/tiyee/gokit/assert/assert.go:48.44,49.21 1 0
github.com/tiyee/gokit/assert/assert.go:49.21,51.3 1 0
github.com/tiyee/gokit/assert/assert.go:55.60,56.24 1 0
github.com/tiyee/gokit/assert/assert.go:56.24,58.3 1 0
github.com/tiyee/gokit/assert/assert.go:62.55,63.24 1 0
github.com/tiyee/gokit/assert/assert.go:63.24,66.3 2 0
github.com/tiyee/gokit/assert/assert.go:70.56,71.23 1 0
github.com/tiyee/gokit/assert/assert.go:71.23,74.3 2 0
github.com/tiyee/gokit/assert/assert.go:78.55,79.24 1 0
github.com/tiyee/gokit/assert/assert.go:79.24,82.3 2 0
github.com/tiyee/gokit/assert/assert.go:86.56,88.23 1 0
github.com/tiyee/gokit/assert/assert.go:88.23,91.3 2 0
github.com/tiyee/gokit/assert/assert.go:95.30,96.90 1 0
github.com/tiyee/gokit/assert/assert.go:96.90,98.3 1 0
github.com/tiyee/gokit/assert/assert.go:100.2,100.45 1 0
github.com/tiyee/gokit/assert/assert.go:104.33,105.90 1 0
github.com/tiyee/gokit/assert/assert.go:105.90,107.3 1 0
github.com/tiyee/gokit/assert/assert.go:109.62,110.30 1 0
github.com/tiyee/gokit/assert/assert.go:110.30,112.3 1 0
github.com/tiyee/gokit/assert/assert.go:114.54,116.24 2 0
github.com/tiyee/gokit/assert/assert.go:116.24,117.13 1 0
github.com/tiyee/gokit/assert/assert.go:117.13,119.9 2 0
github.com/tiyee/gokit/assert/assert.go:122.2,122.12 1 0
github.com/tiyee/gokit/assert/assert.go:122.12,124.3 1 0
github.com/tiyee/gokit/assert/assert.go:131.78,133.15 2 0
github.com/tiyee/gokit/assert/assert.go:133.15,135.15 2 0
github.com/tiyee/gokit/assert/assert.go:135.15,137.4 1 0
github.com/tiyee/gokit/assert/assert.go:141.2,144.8 3 0
github.com/tiyee/gokit/assert/assert.go:148.41,149.58 1 0
github.com/tiyee/gokit/assert/assert.go:149.58,151.3 1 0
github.com/tiyee/gokit/assert/assert.go:156.74,161.2 4 0
github.com/tiyee/gokit/components/cache/error.go:5.31,5.51 1 0
github.com/tiyee/gokit/internal/assert/assert.go:27.36,29.2 1 0
github.com/tiyee/gokit/internal/assert/assert.go:31.33,33.2 1 0
github.com/tiyee/gokit/internal/assert/assert.go:36.55,38.2 1 0
github.com/tiyee/gokit/internal/assert/assert.go:41.57,42.24 1 0
github.com/tiyee/gokit/internal/assert/assert.go:42.24,44.3 1 0
github.com/tiyee/gokit/internal/assert/assert.go:48.44,49.21 1 0
github.com/tiyee/gokit/internal/assert/assert.go:49.21,51.3 1 0
github.com/tiyee/gokit/internal/assert/assert.go:55.60,56.24 1 0
github.com/tiyee/gokit/internal/assert/assert.go:56.24,58.3 1 0
github.com/tiyee/gokit/internal/assert/assert.go:62.55,63.24 1 0
github.com/tiyee/gokit/internal/assert/assert.go:63.24,66.3 2 0
github.com/tiyee/gokit/internal/assert/assert.go:70.56,71.23 1 0
github.com/tiyee/gokit/internal/assert/assert.go:71.23,74.3 2 0
github.com/tiyee/gokit/internal/assert/assert.go:78.55,79.24 1 0
github.com/tiyee/gokit/internal/assert/assert.go:79.24,82.3 2 0
github.com/tiyee/gokit/internal/assert/assert.go:86.56,88.23 1 0
github.com/tiyee/gokit/internal/assert/assert.go:88.23,91.3 2 0
github.com/tiyee/gokit/internal/assert/assert.go:95.30,96.90 1 0
github.com/tiyee/gokit/internal/assert/assert.go:96.90,98.3 1 0
github.com/tiyee/gokit/internal/assert/assert.go:100.2,100.45 1 0
github.com/tiyee/gokit/internal/assert/assert.go:104.33,105.90 1 0
github.com/tiyee/gokit/internal/assert/assert.go:105.90,107.3 1 0
github.com/tiyee/gokit/internal/assert/assert.go:109.62,110.30 1 0
github.com/tiyee/gokit/internal/assert/assert.go:110.30,112.3 1 0
github.com/tiyee/gokit/internal/assert/assert.go:114.54,116.24 2 0
github.com/tiyee/gokit/internal/assert/assert.go:116.24,117.13 1 0
github.com/tiyee/gokit/internal/assert/assert.go:117.13,119.9 2 0
github.com/tiyee/gokit/internal/assert/assert.go:122.2,122.12 1 0
github.com/tiyee/gokit/internal/assert/assert.go:122.12,124.3 1 0
github.com/tiyee/gokit/internal/assert/assert.go:131.78,133.15 2 0
github.com/tiyee/gokit/internal/assert/assert.go:133.15,135.15 2 0
github.com/tiyee/gokit/internal/assert/assert.go:135.15,137.4 1 0
github.com/tiyee/gokit/internal/assert/assert.go:141.2,144.8 3 0
github.com/tiyee/gokit/internal/assert/assert.go:148.41,149.58 1 0
github.com/tiyee/gokit/internal/assert/assert.go:149.58,151.3 1 0
github.com/tiyee/gokit/internal/assert/assert.go:156.74,161.2 4 0
github.com/tiyee/gokit/collection/heap.go:14.46,18.2 1 1
github.com/tiyee/gokit/collection/heap.go:21.36,24.2 2 6
github.com/tiyee/gokit/collection/heap.go:27.38,28.22 1 6
github.com/tiyee/gokit/collection/heap.go:28.22,31.3 2 0
github.com/tiyee/gokit/collection/heap.go:33.2,39.19 6 6
github.com/tiyee/gokit/collection/heap.go:43.43,44.16 1 6
github.com/tiyee/gokit/collection/heap.go:44.16,46.42 2 6
github.com/tiyee/gokit/collection/heap.go:46.42,49.4 2 4
github.com/tiyee/gokit/collection/heap.go:49.9,50.9 1 2
github.com/tiyee/gokit/collection/heap.go:56.45,58.6 2 6
github.com/tiyee/gokit/collection/heap.go:58.6,63.79 4 9
github.com/tiyee/gokit/collection/heap.go:63.79,65.4 1 1
github.com/tiyee/gokit/collection/heap.go:67.3,67.81 1 9
github.com/tiyee/gokit/collection/heap.go:67.81,69.4 1 2
github.com/tiyee/gokit/collection/heap.go:71.3,71.28 1 9
github.com/tiyee/gokit/collection/heap.go:71.28,74.4 2 3
github.com/tiyee/gokit/collection/heap.go:74.9,75.9 1 6
github.com/tiyee/gokit/collection/heap.go:80.13,95.6 10 0
github.com/tiyee/gokit/collection/heap.go:95.6,96.32 1 0
github.com/tiyee/gokit/collection/heap.go:96.32,98.4 1 0
github.com/tiyee/gokit/collection/heap.go:98.9,99.9 1 0
github.com/tiyee/gokit/internal/assert/assert.go:27.36,29.2 1 0
github.com/tiyee/gokit/internal/assert/assert.go:31.33,33.2 1 0
github.com/tiyee/gokit/internal/assert/assert.go:36.55,38.2 1 1
github.com/tiyee/gokit/internal/assert/assert.go:41.57,42.24 1 6
github.com/tiyee/gokit/internal/assert/assert.go:42.24,44.3 1 0
github.com/tiyee/gokit/internal/assert/assert.go:48.44,49.21 1 0
github.com/tiyee/gokit/internal/assert/assert.go:49.21,51.3 1 0
github.com/tiyee/gokit/internal/assert/assert.go:55.60,56.24 1 0
github.com/tiyee/gokit/internal/assert/assert.go:56.24,58.3 1 0
github.com/tiyee/gokit/internal/assert/assert.go:62.55,63.24 1 0
github.com/tiyee/gokit/internal/assert/assert.go:63.24,66.3 2 0
github.com/tiyee/gokit/internal/assert/assert.go:70.56,71.23 1 0
github.com/tiyee/gokit/internal/assert/assert.go:71.23,74.3 2 0
github.com/tiyee/gokit/internal/assert/assert.go:78.55,79.24 1 0
github.com/tiyee/gokit/internal/assert/assert.go:79.24,82.3 2 0
github.com/tiyee/gokit/internal/assert/assert.go:86.56,88.23 1 0
github.com/tiyee/gokit/internal/assert/assert.go:88.23,91.3 2 0
github.com/tiyee/gokit/internal/assert/assert.go:95.30,96.90 1 0
github.com/tiyee/gokit/internal/assert/assert.go:96.90,98.3 1 0
github.com/tiyee/gokit/internal/assert/assert.go:100.2,100.45 1 0
github.com/tiyee/gokit/internal/assert/assert.go:104.33,105.90 1 0
github.com/tiyee/gokit/internal/assert/assert.go:105.90,107.3 1 0
github.com/tiyee/gokit/internal/assert/assert.go:109.62,110.30 1 0
github.com/tiyee/gokit/internal/assert/assert.go:110.30,112.3 1 0
github.com/tiyee/gokit/internal/assert/assert.go:114.54,116.24 2 0
github.com/tiyee/gokit/internal/assert/assert.go:116.24,117.13 1 0
github.com/tiyee/gokit/internal/assert/assert.go:117.13,119.9 2 0
github.com/tiyee/gokit/internal/assert/assert.go:122.2,122.12 1 0
github.com/tiyee/gokit/internal/assert/assert.go:122.12,124.3 1 0
github.com/tiyee/gokit/internal/assert/assert.go:131.78,133.15 2 0
github.com/tiyee/gokit/internal/assert/assert.go:133.15,135.15 2 0
github.com/tiyee/gokit/internal/assert/assert.go:135.15,137.4 1 0
github.com/tiyee/gokit/internal/assert/assert.go:141.2,144.8 3 0
github.com/tiyee/gokit/internal/assert/assert.go:148.41,149.58 1 0
github.com/tiyee/gokit/internal/assert/assert.go:149.58,151.3 1 0
github.com/tiyee/gokit/internal/assert/assert.go:156.74,161.2 4 0
github.com/tiyee/gokit/internal/assert/assert.go:27.36,29.2 1 0
github.com/tiyee/gokit/internal/assert/assert.go:31.33,33.2 1 0
github.com/tiyee/gokit/internal/assert/assert.go:36.55,38.2 1 1
github.com/tiyee/gokit/internal/assert/assert.go:41.57,42.24 1 1
github.com/tiyee/gokit/internal/assert/assert.go:42.24,44.3 1 0
github.com/tiyee/gokit/internal/assert/assert.go:48.44,49.21 1 0
github.com/tiyee/gokit/internal/assert/assert.go:49.21,51.3 1 0
github.com/tiyee/gokit/internal/assert/assert.go:55.60,56.24 1 0
github.com/tiyee/gokit/internal/assert/assert.go:56.24,58.3 1 0
github.com/tiyee/gokit/internal/assert/assert.go:62.55,63.24 1 0
github.com/tiyee/gokit/internal/assert/assert.go:63.24,66.3 2 0
github.com/tiyee/gokit/internal/assert/assert.go:70.56,71.23 1 0
github.com/tiyee/gokit/internal/assert/assert.go:71.23,74.3 2 0
github.com/tiyee/gokit/internal/assert/assert.go:78.55,79.24 1 0
github.com/tiyee/gokit/internal/assert/assert.go:79.24,82.3 2 0
github.com/tiyee/gokit/internal/assert/assert.go:86.56,88.23 1 0
github.com/tiyee/gokit/internal/assert/assert.go:88.23,91.3 2 0
github.com/tiyee/gokit/internal/assert/assert.go:95.30,96.90 1 0
github.com/tiyee/gokit/internal/assert/assert.go:96.90,98.3 1 0
github.com/tiyee/gokit/internal/assert/assert.go:100.2,100.45 1 0
github.com/tiyee/gokit/internal/assert/assert.go:104.33,105.90 1 0
github.com/tiyee/gokit/internal/assert/assert.go:105.90,107.3 1 0
github.com/tiyee/gokit/internal/assert/assert.go:109.62,110.30 1 0
github.com/tiyee/gokit/internal/assert/assert.go:110.30,112.3 1 0
github.com/tiyee/gokit/internal/assert/assert.go:114.54,116.24 2 0
github.com/tiyee/gokit/internal/assert/assert.go:116.24,117.13 1 0
github.com/tiyee/gokit/internal/assert/assert.go:117.13,119.9 2 0
github.com/tiyee/gokit/internal/assert/assert.go:122.2,122.12 1 0
github.com/tiyee/gokit/internal/assert/assert.go:122.12,124.3 1 0
github.com/tiyee/gokit/internal/assert/assert.go:131.78,133.15 2 0
github.com/tiyee/gokit/internal/assert/assert.go:133.15,135.15 2 0
github.com/tiyee/gokit/internal/assert/assert.go:135.15,137.4 1 0
github.com/tiyee/gokit/internal/assert/assert.go:141.2,144.8 3 0
github.com/tiyee/gokit/internal/assert/assert.go:148.41,149.58 1 0
github.com/tiyee/gokit/internal/assert/assert.go:149.58,151.3 1 0
github.com/tiyee/gokit/internal/assert/assert.go:156.74,161.2 4 0
github.com/tiyee/gokit/mathlib/calc.go:12.28,13.11 1 1
github.com/tiyee/gokit/mathlib/calc.go:13.11,15.3 1 1
github.com/tiyee/gokit/mathlib/calc.go:16.2,16.10 1 0
github.com/tiyee/gokit/mathlib/calc.go:19.30,21.2 1 0
github.com/tiyee/gokit/mathlib/calc.go:22.32,23.12 1 0
github.com/tiyee/gokit/mathlib/calc.go:23.12,25.3 1 0
github.com/tiyee/gokit/mathlib/calc.go:26.2,26.46 1 0
github.com/tiyee/gokit/mathlib/calc.go:28.33,29.12 1 0
github.com/tiyee/gokit/mathlib/calc.go:29.12,31.3 1 0
github.com/tiyee/gokit/mathlib/calc.go:32.2,32.47 1 0
github.com/tiyee/gokit/mathlib/calc.go:34.41,36.22 1 0
github.com/tiyee/gokit/mathlib/calc.go:36.22,38.3 1 0
github.com/tiyee/gokit/mathlib/calc.go:39.2,39.16 1 0
github.com/tiyee/gokit/mathlib/calc.go:43.41,46.12 2 0
github.com/tiyee/gokit/mathlib/calc.go:46.12,48.3 1 0
github.com/tiyee/gokit/mathlib/calc.go:49.2,50.19 2 0
github.com/tiyee/gokit/mathlib/calc.go:52.41,53.12 1 0
github.com/tiyee/gokit/mathlib/calc.go:53.12,55.3 1 0
github.com/tiyee/gokit/mathlib/calc.go:56.2,56.32 1 0
github.com/tiyee/gokit/mathlib/compare.go:5.48,6.23 1 0
github.com/tiyee/gokit/mathlib/compare.go:6.23,7.13 1 0
github.com/tiyee/gokit/mathlib/compare.go:7.13,9.4 1 0
github.com/tiyee/gokit/mathlib/compare.go:11.2,11.10 1 0
github.com/tiyee/gokit/mathlib/compare.go:13.48,14.23 1 0
github.com/tiyee/gokit/mathlib/compare.go:14.23,15.13 1 0
github.com/tiyee/gokit/mathlib/compare.go:15.13,17.4 1 0
github.com/tiyee/gokit/mathlib/compare.go:19.2,19.10 1 0
github.com/tiyee/gokit/mathlib/compare.go:23.59,25.2 1 0
github.com/tiyee/gokit/mathlib/compare.go:28.60,30.2 1 0
github.com/tiyee/gokit/mathlib/geo.go:15.29,17.2 1 0
github.com/tiyee/gokit/mathlib/geo.go:18.55,21.2 2 0
github.com/tiyee/gokit/mathlib/geo.go:22.71,24.2 1 0
github.com/tiyee/gokit/mathlib/geo.go:27.51,39.2 8 0
github.com/tiyee/gokit/mathlib/page.go:5.45,7.11 2 0
github.com/tiyee/gokit/mathlib/page.go:7.11,9.3 1 0
github.com/tiyee/gokit/mathlib/page.go:10.2,10.10 1 0
github.com/tiyee/gokit/hashlib/hash.go:33.29,35.2 1 3
github.com/tiyee/gokit/hashlib/hash.go:39.34,41.2 1 2
github.com/tiyee/gokit/hashlib/hash.go:44.59,45.51 1 0
github.com/tiyee/gokit/hashlib/hash.go:45.51,47.3 1 0
github.com/tiyee/gokit/hashlib/hash.go:47.8,49.3 1 0
github.com/tiyee/gokit/hashlib/hash.go:53.45,55.2 1 5
github.com/tiyee/gokit/hashlib/hash.go:58.49,63.2 4 10
github.com/tiyee/gokit/hashlib/hash.go:66.47,68.2 1 4
github.com/tiyee/gokit/hashlib/hash.go:71.52,75.2 2 4
github.com/tiyee/gokit/hashlib/hash.go:78.47,80.2 1 4
github.com/tiyee/gokit/hashlib/hash.go:83.52,87.2 2 4
github.com/tiyee/gokit/hashlib/hash.go:90.48,95.2 3 18
github.com/tiyee/gokit/hashlib/hash.go:98.66,100.44 2 0
github.com/tiyee/gokit/hashlib/hash.go:100.44,102.3 1 0
github.com/tiyee/gokit/hashlib/hash.go:103.2,103.25 1 0
github.com/tiyee/gokit/hashlib/hash.go:109.39,110.14 1 18
github.com/tiyee/gokit/hashlib/hash.go:111.17,112.25 1 3
github.com/tiyee/gokit/hashlib/hash.go:113.17,114.47 1 3
github.com/tiyee/gokit/hashlib/hash.go:115.15,116.19 1 8
github.com/tiyee/gokit/hashlib/hash.go:117.16,118.20 1 3
github.com/tiyee/gokit/hashlib/hash.go:119.18,120.25 1 0
github.com/tiyee/gokit/hashlib/hash.go:121.18,122.22 1 0
github.com/tiyee/gokit/hashlib/hash.go:123.18,124.25 1 0
github.com/tiyee/gokit/hashlib/hash.go:125.18,126.22 1 0
github.com/tiyee/gokit/hashlib/hash.go:127.22,128.29 1 0
github.com/tiyee/gokit/hashlib/hash.go:129.22,130.29 1 0
github.com/tiyee/gokit/hashlib/hash.go:131.10,132.42 1 1
github.com/tiyee/gokit/hashlib/passwd.go:10.41,15.2 3 0
github.com/tiyee/gokit/hashlib/passwd.go:20.50,22.16 2 0
github.com/tiyee/gokit/hashlib/passwd.go:22.16,24.3 1 0
github.com/tiyee/gokit/hashlib/passwd.go:26.2,29.40 3 0
github.com/tiyee/gokit/internal/assert/assert.go:27.36,29.2 1 0
github.com/tiyee/gokit/internal/assert/assert.go:31.33,33.2 1 0
github.com/tiyee/gokit/internal/assert/assert.go:36.55,38.2 1 4
github.com/tiyee/gokit/internal/assert/assert.go:41.57,42.24 1 15
github.com/tiyee/gokit/internal/assert/assert.go:42.24,44.3 1 0
github.com/tiyee/gokit/internal/assert/assert.go:48.44,49.21 1 0
github.com/tiyee/gokit/internal/assert/assert.go:49.21,51.3 1 0
github.com/tiyee/gokit/internal/assert/assert.go:55.60,56.24 1 2
github.com/tiyee/gokit/internal/assert/assert.go:56.24,58.3 1 0
github.com/tiyee/gokit/internal/assert/assert.go:62.55,63.24 1 0
github.com/tiyee/gokit/internal/assert/assert.go:63.24,66.3 2 0
github.com/tiyee/gokit/internal/assert/assert.go:70.56,71.23 1 0
github.com/tiyee/gokit/internal/assert/assert.go:71.23,74.3 2 0
github.com/tiyee/gokit/internal/assert/assert.go:78.55,79.24 1 0
github.com/tiyee/gokit/internal/assert/assert.go:79.24,82.3 2 0
github.com/tiyee/gokit/internal/assert/assert.go:86.56,88.23 1 0
github.com/tiyee/gokit/internal/assert/assert.go:88.23,91.3 2 0
github.com/tiyee/gokit/internal/assert/assert.go:95.30,96.90 1 0
github.com/tiyee/gokit/internal/assert/assert.go:96.90,98.3 1 0
github.com/tiyee/gokit/internal/assert/assert.go:100.2,100.45 1 0
github.com/tiyee/gokit/internal/assert/assert.go:104.33,105.90 1 0
github.com/tiyee/gokit/internal/assert/assert.go:105.90,107.3 1 0
github.com/tiyee/gokit/internal/assert/assert.go:109.62,110.30 1 0
github.com/tiyee/gokit/internal/assert/assert.go:110.30,112.3 1 0
github.com/tiyee/gokit/internal/assert/assert.go:114.54,116.24 2 0
github.com/tiyee/gokit/internal/assert/assert.go:116.24,117.13 1 0
github.com/tiyee/gokit/internal/assert/assert.go:117.13,119.9 2 0
github.com/tiyee/gokit/internal/assert/assert.go:122.2,122.12 1 0
github.com/tiyee/gokit/internal/assert/assert.go:122.12,124.3 1 0
github.com/tiyee/gokit/internal/assert/assert.go:131.78,133.15 2 1
github.com/tiyee/gokit/internal/assert/assert.go:133.15,135.15 2 1
github.com/tiyee/gokit/internal/assert/assert.go:135.15,137.4 1 1
github.com/tiyee/gokit/internal/assert/assert.go:141.2,144.8 3 1
github.com/tiyee/gokit/internal/assert/assert.go:148.41,149.58 1 1
github.com/tiyee/gokit/internal/assert/assert.go:149.58,151.3 1 0
github.com/tiyee/gokit/internal/assert/assert.go:156.74,161.2 4 0
github.com/tiyee/gokit/encodes/encodes.go:45.46,46.16 1 6
github.com/tiyee/gokit/encodes/encodes.go:47.14,48.16 1 2
github.com/tiyee/gokit/encodes/encodes.go:49.14,50.16 1 2
github.com/tiyee/gokit/encodes/encodes.go:51.14,52.16 1 1
github.com/tiyee/gokit/encodes/encodes.go:53.14,54.16 1 1
github.com/tiyee/gokit/encodes/encodes.go:55.10,56.28 1 0
github.com/tiyee/gokit/encodes/encodes.go:59.55,61.2 1 5
github.com/tiyee/gokit/encodes/encodes.go:62.49,67.2 4 0
github.com/tiyee/gokit/encodes/encodes.go:68.49,73.2 4 0
github.com/tiyee/gokit/encodes/encodes.go:74.55,78.2 3 1
github.com/tiyee/gokit/internal/assert/assert.go:27.36,29.2 1 0
github.com/tiyee/gokit/internal/assert/assert.go:31.33,33.2 1 0
github.com/tiyee/gokit/internal/assert/assert.go:36.55,38.2 1 1
github.com/tiyee/gokit/internal/assert/assert.go:41.57,42.24 1 6
github.com/tiyee/gokit/internal/assert/assert.go:42.24,44.3 1 0
github.com/tiyee/gokit/internal/assert/assert.go:48.44,49.21 1 0
github.com/tiyee/gokit/internal/assert/assert.go:49.21,51.3 1 0
github.com/tiyee/gokit/internal/assert/assert.go:55.60,56.24 1 0
github.com/tiyee/gokit/internal/assert/assert.go:56.24,58.3 1 0
github.com/tiyee/gokit/internal/assert/assert.go:62.55,63.24 1 0
github.com/tiyee/gokit/internal/assert/assert.go:63.24,66.3 2 0
github.com/tiyee/gokit/internal/assert/assert.go:70.56,71.23 1 0
github.com/tiyee/gokit/internal/assert/assert.go:71.23,74.3 2 0
github.com/tiyee/gokit/internal/assert/assert.go:78.55,79.24 1 0
github.com/tiyee/gokit/internal/assert/assert.go:79.24,82.3 2 0
github.com/tiyee/gokit/internal/assert/assert.go:86.56,88.23 1 0
github.com/tiyee/gokit/internal/assert/assert.go:88.23,91.3 2 0
github.com/tiyee/gokit/internal/assert/assert.go:95.30,96.90 1 0
github.com/tiyee/gokit/internal/assert/assert.go:96.90,98.3 1 0
github.com/tiyee/gokit/internal/assert/assert.go:100.2,100.45 1 0
github.com/tiyee/gokit/internal/assert/assert.go:104.33,105.90 1 0
github.com/tiyee/gokit/internal/assert/assert.go:105.90,107.3 1 0
github.com/tiyee/gokit/internal/assert/assert.go:109.62,110.30 1 0
github.com/tiyee/gokit/internal/assert/assert.go:110.30,112.3 1 0
github.com/tiyee/gokit/internal/assert/assert.go:114.54,116.24 2 0
github.com/tiyee/gokit/internal/assert/assert.go:116.24,117.13 1 0
github.com/tiyee/gokit/internal/assert/assert.go:117.13,119.9 2 0
github.com/tiyee/gokit/internal/assert/assert.go:122.2,122.12 1 0
github.com/tiyee/gokit/internal/assert/assert.go:122.12,124.3 1 0
github.com/tiyee/gokit/internal/assert/assert.go:131.78,133.15 2 0
github.com/tiyee/gokit/internal/assert/assert.go:133.15,135.15 2 0
github.com/tiyee/gokit/internal/assert/assert.go:135.15,137.4 1 0
github.com/tiyee/gokit/internal/assert/assert.go:141.2,144.8 3 0
github.com/tiyee/gokit/internal/assert/assert.go:148.41,149.58 1 0
github.com/tiyee/gokit/internal/assert/assert.go:149.58,151.3 1 0
github.com/tiyee/gokit/internal/assert/assert.go:156.74,161.2 4 0
github.com/tiyee/gokit/internal/assert/assert.go:27.36,29.2 1 0
github.com/tiyee/gokit/internal/assert/assert.go:31.33,33.2 1 0
github.com/tiyee/gokit/internal/assert/assert.go:36.55,38.2 1 3
github.com/tiyee/gokit/internal/assert/assert.go:41.57,42.24 1 7
github.com/tiyee/gokit/internal/assert/assert.go:42.24,44.3 1 0
github.com/tiyee/gokit/internal/assert/assert.go:48.44,49.21 1 0
github.com/tiyee/gokit/internal/assert/assert.go:49.21,51.3 1 0
github.com/tiyee/gokit/internal/assert/assert.go:55.60,56.24 1 0
github.com/tiyee/gokit/internal/assert/assert.go:56.24,58.3 1 0
github.com/tiyee/gokit/internal/assert/assert.go:62.55,63.24 1 0
github.com/tiyee/gokit/internal/assert/assert.go:63.24,66.3 2 0
github.com/tiyee/gokit/internal/assert/assert.go:70.56,71.23 1 0
github.com/tiyee/gokit/internal/assert/assert.go:71.23,74.3 2 0
github.com/tiyee/gokit/internal/assert/assert.go:78.55,79.24 1 0
github.com/tiyee/gokit/internal/assert/assert.go:79.24,82.3 2 0
github.com/tiyee/gokit/internal/assert/assert.go:86.56,88.23 1 0
github.com/tiyee/gokit/internal/assert/assert.go:88.23,91.3 2 0
github.com/tiyee/gokit/internal/assert/assert.go:95.30,96.90 1 0
github.com/tiyee/gokit/internal/assert/assert.go:96.90,98.3 1 0
github.com/tiyee/gokit/internal/assert/assert.go:100.2,100.45 1 0
github.com/tiyee/gokit/internal/assert/assert.go:104.33,105.90 1 0
github.com/tiyee/gokit/internal/assert/assert.go:105.90,107.3 1 0
github.com/tiyee/gokit/internal/assert/assert.go:109.62,110.30 1 0
github.com/tiyee/gokit/internal/assert/assert.go:110.30,112.3 1 0
github.com/tiyee/gokit/internal/assert/assert.go:114.54,116.24 2 0
github.com/tiyee/gokit/internal/assert/assert.go:116.24,117.13 1 0
github.com/tiyee/gokit/internal/assert/assert.go:117.13,119.9 2 0
github.com/tiyee/gokit/internal/assert/assert.go:122.2,122.12 1 0
github.com/tiyee/gokit/internal/assert/assert.go:122.12,124.3 1 0
github.com/tiyee/gokit/internal/assert/assert.go:131.78,133.15 2 0
github.com/tiyee/gokit/internal/assert/assert.go:133.15,135.15 2 0
github.com/tiyee/gokit/internal/assert/assert.go:135.15,137.4 1 0
github.com/tiyee/gokit/internal/assert/assert.go:141.2,144.8 3 0
github.com/tiyee/gokit/internal/assert/assert.go:148.41,149.58 1 0
github.com/tiyee/gokit/internal/assert/assert.go:149.58,151.3 1 0
github.com/tiyee/gokit/internal/assert/assert.go:156.74,161.2 4 0
github.com/tiyee/gokit/str/convey.go:3.38,4.14 1 0
github.com/tiyee/gokit/str/convey.go:4.14,6.3 1 0
github.com/tiyee/gokit/str/convey.go:7.2,7.11 1 0
github.com/tiyee/gokit/str/fn.go:20.55,23.28 2 3
github.com/tiyee/gokit/str/fn.go:23.28,25.3 1 1
github.com/tiyee/gokit/str/fn.go:27.2,27.37 1 3
github.com/tiyee/gokit/str/fn.go:31.31,33.11 2 2
github.com/tiyee/gokit/str/fn.go:33.11,35.3 1 0
github.com/tiyee/gokit/str/fn.go:36.2,37.45 2 2
github.com/tiyee/gokit/str/fn.go:37.45,39.3 1 3
github.com/tiyee/gokit/str/fn.go:40.2,40.18 1 2
github.com/tiyee/gokit/str/han.go:7.34,8.24 1 2
github.com/tiyee/gokit/str/han.go:8.24,9.33 1 19
github.com/tiyee/gokit/str/han.go:9.33,11.4 1 1
github.com/tiyee/gokit/str/han.go:13.2,13.14 1 1
github.com/tiyee/gokit/internal/assert/assert.go:27.36,29.2 1 0
github.com/tiyee/gokit/internal/assert/assert.go:31.33,33.2 1 0
github.com/tiyee/gokit/internal/assert/assert.go:36.55,38.2 1 1
github.com/tiyee/gokit/internal/assert/assert.go:41.57,42.24 1 1
github.com/tiyee/gokit/internal/assert/assert.go:42.24,44.3 1 0
github.com/tiyee/gokit/internal/assert/assert.go:48.44,49.21 1 0
github.com/tiyee/gokit/internal/assert/assert.go:49.21,51.3 1 0
github.com/tiyee/gokit/internal/assert/assert.go:55.60,56.24 1 0
github.com/tiyee/gokit/internal/assert/assert.go:56.24,58.3 1 0
github.com/tiyee/gokit/internal/assert/assert.go:62.55,63.24 1 0
github.com/tiyee/gokit/internal/assert/assert.go:63.24,66.3 2 0
github.com/tiyee/gokit/internal/assert/assert.go:70.56,71.23 1 0
github.com/tiyee/gokit/internal/assert/assert.go:71.23,74.3 2 0
github.com/tiyee/gokit/internal/assert/assert.go:78.55,79.24 1 0
github.com/tiyee/gokit/internal/assert/assert.go:79.24,82.3 2 0
github.com/tiyee/gokit/internal/assert/assert.go:86.56,88.23 1 0
github.com/tiyee/gokit/internal/assert/assert.go:88.23,91.3 2 0
github.com/tiyee/gokit/internal/assert/assert.go:95.30,96.90 1 0
github.com/tiyee/gokit/internal/assert/assert.go:96.90,98.3 1 0
github.com/tiyee/gokit/internal/assert/assert.go:100.2,100.45 1 0
github.com/tiyee/gokit/internal/assert/assert.go:104.33,105.90 1 0
github.com/tiyee/gokit/internal/assert/assert.go:105.90,107.3 1 0
github.com/tiyee/gokit/internal/assert/assert.go:109.62,110.30 1 0
github.com/tiyee/gokit/internal/assert/assert.go:110.30,112.3 1 0
github.com/tiyee/gokit/internal/assert/assert.go:114.54,116.24 2 0
github.com/tiyee/gokit/internal/assert/assert.go:116.24,117.13 1 0
github.com/tiyee/gokit/internal/assert/assert.go:117.13,119.9 2 0
github.com/tiyee/gokit/internal/assert/assert.go:122.2,122.12 1 0
github.com/tiyee/gokit/internal/assert/assert.go:122.12,124.3 1 0
github.com/tiyee/gokit/internal/assert/assert.go:131.78,133.15 2 0
github.com/tiyee/gokit/internal/assert/assert.go:133.15,135.15 2 0
github.com/tiyee/gokit/internal/assert/assert.go:135.15,137.4 1 0
github.com/tiyee/gokit/internal/assert/assert.go:141.2,144.8 3 0
github.com/tiyee/gokit/internal/assert/assert.go:148.41,149.58 1 0
github.com/tiyee/gokit/internal/assert/assert.go:149.58,151.3 1 0
github.com/tiyee/gokit/internal/assert/assert.go:156.74,161.2 4 0
github.com/tiyee/gokit/ptr/convey.go:5.56,6.14 1 1
github.com/tiyee/gokit/ptr/convey.go:6.14,8.3 1 0
github.com/tiyee/gokit/ptr/convey.go:9.2,9.11 1 1
github.com/tiyee/gokit/ptr/copy.go:5.30,10.2 4 0
github.com/tiyee/gokit/fn/return.go:9.44,10.10 1 0
github.com/tiyee/gokit/fn/return.go:10.10,11.48 1 0
github.com/tiyee/gokit/fn/return.go:15.46,17.13 2 0
github.com/tiyee/gokit/fn/return.go:17.13,19.3 1 0
github.com/tiyee/gokit/fn/return.go:21.2,23.13 2 0
github.com/tiyee/gokit/fn/return.go:23.13,24.41 1 0
github.com/tiyee/gokit/fn/return.go:24.41,26.4 1 0
github.com/tiyee/gokit/fn/return.go:27.3,27.35 1 0
github.com/tiyee/gokit/fn/return.go:31.2,31.38 1 0
github.com/tiyee/gokit/fn/return.go:31.38,33.3 1 0
github.com/tiyee/gokit/fn/return.go:34.2,34.34 1 0
github.com/tiyee/gokit/fn/return.go:38.26,39.16 1 0
github.com/tiyee/gokit/fn/return.go:39.16,40.13 1 0
github.com/tiyee/gokit/fn/return.go:45.24,46.16 1 1
github.com/tiyee/gokit/fn/return.go:46.16,47.13 1 1
github.com/tiyee/gokit/fn/return.go:63.36,64.16 1 0
github.com/tiyee/gokit/fn/return.go:64.16,65.13 1 0
github.com/tiyee/gokit/fn/return.go:67.2,67.10 1 0
github.com/tiyee/gokit/fn/return.go:84.35,84.52 1 0
github.com/tiyee/gokit/fn/return.go:87.44,89.2 1 0
github.com/tiyee/gokit/fn/return.go:92.42,93.11 1 0
github.com/tiyee/gokit/fn/return.go:93.11,95.3 1 0
github.com/tiyee/gokit/fn/return.go:96.2,96.12 1 0
github.com/tiyee/gokit/fn/return.go:100.42,101.17 1 0
github.com/tiyee/gokit/fn/return.go:101.17,103.3 1 0
github.com/tiyee/gokit/fn/return.go:104.2,104.16 1 0
github.com/tiyee/gokit/fn/return.go:108.50,109.10 1 0
github.com/tiyee/gokit/fn/return.go:109.10,111.3 1 0
github.com/tiyee/gokit/fn/return.go:112.2,112.14 1 0
github.com/tiyee/gokit/fn/return.go:116.58,117.10 1 0
github.com/tiyee/gokit/fn/return.go:117.10,119.3 1 0
github.com/tiyee/gokit/fn/return.go:120.2,120.17 1 0
github.com/tiyee/gokit/fn/return.go:127.42,128.10 1 0
github.com/tiyee/gokit/fn/return.go:128.10,130.3 1 0
github.com/tiyee/gokit/fn/return.go:131.2,131.12 1 0
github.com/tiyee/gokit/fn/return.go:135.56,136.10 1 0
github.com/tiyee/gokit/fn/return.go:136.10,138.3 1 0
github.com/tiyee/gokit/fn/return.go:139.2,139.17 1 0
github.com/tiyee/gokit/internal/assert/assert.go:27.36,29.2 1 0
github.com/tiyee/gokit/internal/assert/assert.go:31.33,33.2 1 0
github.com/tiyee/gokit/internal/assert/assert.go:36.55,38.2 1 1
github.com/tiyee/gokit/internal/assert/assert.go:41.57,42.24 1 0
github.com/tiyee/gokit/internal/assert/assert.go:42.24,44.3 1 0
github.com/tiyee/gokit/internal/assert/assert.go:48.44,49.21 1 0
github.com/tiyee/gokit/internal/assert/assert.go:49.21,51.3 1 0
github.com/tiyee/gokit/internal/assert/assert.go:55.60,56.24 1 0
github.com/tiyee/gokit/internal/assert/assert.go:56.24,58.3 1 0
github.com/tiyee/gokit/internal/assert/assert.go:62.55,63.24 1 0
github.com/tiyee/gokit/internal/assert/assert.go:63.24,66.3 2 0
github.com/tiyee/gokit/internal/assert/assert.go:70.56,71.23 1 0
github.com/tiyee/gokit/internal/assert/assert.go:71.23,74.3 2 0
github.com/tiyee/gokit/internal/assert/assert.go:78.55,79.24 1 0
github.com/tiyee/gokit/internal/assert/assert.go:79.24,82.3 2 0
github.com/tiyee/gokit/internal/assert/assert.go:86.56,88.23 1 0
github.com/tiyee/gokit/internal/assert/assert.go:88.23,91.3 2 0
github.com/tiyee/gokit/internal/assert/assert.go:95.30,96.90 1 0
github.com/tiyee/gokit/internal/assert/assert.go:96.90,98.3 1 0
github.com/tiyee/gokit/internal/assert/assert.go:100.2,100.45 1 0
github.com/tiyee/gokit/internal/assert/assert.go:104.33,105.90 1 0
github.com/tiyee/gokit/internal/assert/assert.go:105.90,107.3 1 0
github.com/tiyee/gokit/internal/assert/assert.go:109.62,110.30 1 0
github.com/tiyee/gokit/internal/assert/assert.go:110.30,112.3 1 0
github.com/tiyee/gokit/internal/assert/assert.go:114.54,116.24 2 0
github.com/tiyee/gokit/internal/assert/assert.go:116.24,117.13 1 0
github.com/tiyee/gokit/internal/assert/assert.go:117.13,119.9 2 0
github.com/tiyee/gokit/internal/assert/assert.go:122.2,122.12 1 0
github.com/tiyee/gokit/internal/assert/assert.go:122.12,124.3 1 0
github.com/tiyee/gokit/internal/assert/assert.go:131.78,133.15 2 1
github.com/tiyee/gokit/internal/assert/assert.go:133.15,135.15 2 1
github.com/tiyee/gokit/internal/assert/assert.go:135.15,137.4 1 1
github.com/tiyee/gokit/internal/assert/assert.go:141.2,144.8 3 1
github.com/tiyee/gokit/internal/assert/assert.go:148.41,149.58 1 1
github.com/tiyee/gokit/internal/assert/assert.go:149.58,151.3 1 0
github.com/tiyee/gokit/internal/assert/assert.go:156.74,161.2 4 0
github.com/tiyee/gokit/internal/assert/assert.go:27.36,29.2 1 0
github.com/tiyee/gokit/internal/assert/assert.go:31.33,33.2 1 0
github.com/tiyee/gokit/internal/assert/assert.go:36.55,38.2 1 1
github.com/tiyee/gokit/internal/assert/assert.go:41.57,42.24 1 1
github.com/tiyee/gokit/internal/assert/assert.go:42.24,44.3 1 0
github.com/tiyee/gokit/internal/assert/assert.go:48.44,49.21 1 0
github.com/tiyee/gokit/internal/assert/assert.go:49.21,51.3 1 0
github.com/tiyee/gokit/internal/assert/assert.go:55.60,56.24 1 0
github.com/tiyee/gokit/internal/assert/assert.go:56.24,58.3 1 0
github.com/tiyee/gokit/internal/assert/assert.go:62.55,63.24 1 0
github.com/tiyee/gokit/internal/assert/assert.go:63.24,66.3 2 0
github.com/tiyee/gokit/internal/assert/assert.go:70.56,71.23 1 0
github.com/tiyee/gokit/internal/assert/assert.go:71.23,74.3 2 0
github.com/tiyee/gokit/internal/assert/assert.go:78.55,79.24 1 0
github.com/tiyee/gokit/internal/assert/assert.go:79.24,82.3 2 0
github.com/tiyee/gokit/internal/assert/assert.go:86.56,88.23 1 0
github.com/tiyee/gokit/internal/assert/assert.go:88.23,91.3 2 0
github.com/tiyee/gokit/internal/assert/assert.go:95.30,96.90 1 0
github.com/tiyee/gokit/internal/assert/assert.go:96.90,98.3 1 0
github.com/tiyee/gokit/internal/assert/assert.go:100.2,100.45 1 0
github.com/tiyee/gokit/internal/assert/assert.go:104.33,105.90 1 0
github.com/tiyee/gokit/internal/assert/assert.go:105.90,107.3 1 0
github.com/tiyee/gokit/internal/assert/assert.go:109.62,110.30 1 0
github.com/tiyee/gokit/internal/assert/assert.go:110.30,112.3 1 0
github.com/tiyee/gokit/internal/assert/assert.go:114.54,116.24 2 0
github.com/tiyee/gokit/internal/assert/assert.go:116.24,117.13 1 0
github.com/tiyee/gokit/internal/assert/assert.go:117.13,119.9 2 0
github.com/tiyee/gokit/internal/assert/assert.go:122.2,122.12 1 0
github.com/tiyee/gokit/internal/assert/assert.go:122.12,124.3 1 0
github.com/tiyee/gokit/internal/assert/assert.go:131.78,133.15 2 0
github.com/tiyee/gokit/internal/assert/assert.go:133.15,135.15 2 0
github.com/tiyee/gokit/internal/assert/assert.go:135.15,137.4 1 0
github.com/tiyee/gokit/internal/assert/assert.go:141.2,144.8 3 0
github.com/tiyee/gokit/internal/assert/assert.go:148.41,149.58 1 0
github.com/tiyee/gokit/internal/assert/assert.go:149.58,151.3 1 0
github.com/tiyee/gokit/internal/assert/assert.go:156.74,161.2 4 0
github.com/tiyee/gokit/slice/slice.go:3.35,4.17 1 0
github.com/tiyee/gokit/slice/slice.go:4.17,7.3 2 0
github.com/tiyee/gokit/slice/slice.go:8.2,8.26 1 0
github.com/tiyee/gokit/slice/sort.go:7.29,9.2 1 0
github.com/tiyee/gokit/slice/sort.go:11.39,13.2 1 0
github.com/tiyee/gokit/slice/sort.go:15.34,17.2 1 0
github.com/tiyee/gokit/slice/validate.go:3.56,4.34 1 1
github.com/tiyee/gokit/slice/validate.go:4.34,5.20 1 1
github.com/tiyee/gokit/slice/validate.go:5.20,7.4 1 1
github.com/tiyee/gokit/slice/validate.go:9.2,9.14 1 0
github.com/tiyee/gokit/slice/validate.go:11.56,13.2 1 0
github.com/tiyee/gokit/cryptor/cryptor.go:20.54,22.39 2 1
github.com/tiyee/gokit/cryptor/cryptor.go:22.39,24.3 1 0
github.com/tiyee/gokit/cryptor/cryptor.go:26.2,32.42 5 1
github.com/tiyee/gokit/cryptor/cryptor.go:32.42,34.3 1 5
github.com/tiyee/gokit/cryptor/cryptor.go:36.2,38.16 3 1
github.com/tiyee/gokit/cryptor/cryptor.go:38.16,40.3 1 0
github.com/tiyee/gokit/cryptor/cryptor.go:42.2,42.98 1 1
github.com/tiyee/gokit/cryptor/cryptor.go:42.98,44.3 1 1
github.com/tiyee/gokit/cryptor/cryptor.go:46.2,46.23 1 1
github.com/tiyee/gokit/cryptor/cryptor.go:51.59,53.39 2 1
github.com/tiyee/gokit/cryptor/cryptor.go:53.39,55.3 1 0
github.com/tiyee/gokit/cryptor/cryptor.go:56.2,59.123 3 1
github.com/tiyee/gokit/cryptor/cryptor.go:59.123,61.3 1 1
github.com/tiyee/gokit/cryptor/cryptor.go:63.2,64.24 2 1
github.com/tiyee/gokit/cryptor/cryptor.go:64.24,66.3 1 1
github.com/tiyee/gokit/cryptor/cryptor.go:68.2,68.30 1 1
github.com/tiyee/gokit/cryptor/cryptor.go:73.54,75.39 2 1
github.com/tiyee/gokit/cryptor/cryptor.go:75.39,77.3 1 0
github.com/tiyee/gokit/cryptor/cryptor.go:79.2,80.16 2 1
github.com/tiyee/gokit/cryptor/cryptor.go:80.16,82.3 1 0
github.com/tiyee/gokit/cryptor/cryptor.go:83.2,87.56 4 1
github.com/tiyee/gokit/cryptor/cryptor.go:87.56,88.13 1 0
github.com/tiyee/gokit/cryptor/cryptor.go:91.2,94.23 3 1
github.com/tiyee/gokit/cryptor/cryptor.go:99.59,101.39 2 1
github.com/tiyee/gokit/cryptor/cryptor.go:101.39,103.3 1 0
github.com/tiyee/gokit/cryptor/cryptor.go:104.2,113.23 7 1
github.com/tiyee/gokit/cryptor/cryptor.go:118.52,120.39 2 2
github.com/tiyee/gokit/cryptor/cryptor.go:120.39,122.3 1 0
github.com/tiyee/gokit/cryptor/cryptor.go:123.2,131.17 6 2
github.com/tiyee/gokit/cryptor/cryptor.go:136.54,138.39 2 1
github.com/tiyee/gokit/cryptor/cryptor.go:138.39,140.3 1 0
github.com/tiyee/gokit/cryptor/cryptor.go:141.2,142.16 2 1
github.com/tiyee/gokit/cryptor/cryptor.go:142.16,144.3 1 0
github.com/tiyee/gokit/cryptor/cryptor.go:146.2,149.56 3 1
github.com/tiyee/gokit/cryptor/cryptor.go:149.56,151.3 1 0
github.com/tiyee/gokit/cryptor/cryptor.go:153.2,156.23 3 1
github.com/tiyee/gokit/cryptor/cryptor.go:161.59,163.39 2 1
github.com/tiyee/gokit/cryptor/cryptor.go:163.39,165.3 1 0
github.com/tiyee/gokit/cryptor/cryptor.go:167.2,167.36 1 1
github.com/tiyee/gokit/cryptor/cryptor.go:167.36,169.3 1 0
github.com/tiyee/gokit/cryptor/cryptor.go:171.2,179.23 6 1
github.com/tiyee/gokit/cryptor/cryptor.go:184.54,186.39 2 1
github.com/tiyee/gokit/cryptor/cryptor.go:186.39,188.3 1 0
github.com/tiyee/gokit/cryptor/cryptor.go:190.2,191.16 2 1
github.com/tiyee/gokit/cryptor/cryptor.go:191.16,193.3 1 0
github.com/tiyee/gokit/cryptor/cryptor.go:195.2,198.56 4 1
github.com/tiyee/gokit/cryptor/cryptor.go:198.56,200.3 1 0
github.com/tiyee/gokit/cryptor/cryptor.go:202.2,205.23 3 1
github.com/tiyee/gokit/cryptor/cryptor.go:210.54,212.39 2 1
github.com/tiyee/gokit/cryptor/cryptor.go:212.39,214.3 1 0
github.com/tiyee/gokit/cryptor/cryptor.go:216.2,217.16 2 1
github.com/tiyee/gokit/cryptor/cryptor.go:217.16,219.3 1 0
github.com/tiyee/gokit/cryptor/cryptor.go:221.2,223.34 3 1
github.com/tiyee/gokit/cryptor/cryptor.go:223.34,225.3 1 0
github.com/tiyee/gokit/cryptor/cryptor.go:227.2,233.23 5 1
github.com/tiyee/gokit/cryptor/cryptor.go:238.54,244.42 5 1
github.com/tiyee/gokit/cryptor/cryptor.go:244.42,246.3 1 5
github.com/tiyee/gokit/cryptor/cryptor.go:248.2,250.16 3 1
github.com/tiyee/gokit/cryptor/cryptor.go:250.16,252.3 1 0
github.com/tiyee/gokit/cryptor/cryptor.go:253.2,253.101 1 1
github.com/tiyee/gokit/cryptor/cryptor.go:253.101,255.3 1 2
github.com/tiyee/gokit/cryptor/cryptor.go:257.2,257.23 1 1
github.com/tiyee/gokit/cryptor/cryptor.go:262.59,264.16 2 1
github.com/tiyee/gokit/cryptor/cryptor.go:264.16,266.3 1 0
github.com/tiyee/gokit/cryptor/cryptor.go:267.2,269.105 2 1
github.com/tiyee/gokit/cryptor/cryptor.go:269.105,271.3 1 2
github.com/tiyee/gokit/cryptor/cryptor.go:273.2,274.24 2 1
github.com/tiyee/gokit/cryptor/cryptor.go:274.24,276.3 1 1
github.com/tiyee/gokit/cryptor/cryptor.go:278.2,278.30 1 1
github.com/tiyee/gokit/cryptor/cryptor.go:283.54,285.15 2 1
github.com/tiyee/gokit/cryptor/cryptor.go:285.15,287.3 1 0
github.com/tiyee/gokit/cryptor/cryptor.go:289.2,290.16 2 1
github.com/tiyee/gokit/cryptor/cryptor.go:290.16,292.3 1 0
github.com/tiyee/gokit/cryptor/cryptor.go:293.2,298.55 4 1
github.com/tiyee/gokit/cryptor/cryptor.go:298.55,300.3 1 0
github.com/tiyee/gokit/cryptor/cryptor.go:302.2,305.23 3 1
github.com/tiyee/gokit/cryptor/cryptor.go:310.59,312.15 2 1
github.com/tiyee/gokit/cryptor/cryptor.go:312.15,314.3 1 0
github.com/tiyee/gokit/cryptor/cryptor.go:316.2,317.16 2 1
github.com/tiyee/gokit/cryptor/cryptor.go:317.16,319.3 1 0
github.com/tiyee/gokit/cryptor/cryptor.go:321.2,328.23 6 1
github.com/tiyee/gokit/cryptor/cryptor.go:333.52,335.15 2 2
github.com/tiyee/gokit/cryptor/cryptor.go:335.15,337.3 1 0
github.com/tiyee/gokit/cryptor/cryptor.go:339.2,340.16 2 2
github.com/tiyee/gokit/cryptor/cryptor.go:340.16,342.3 1 0
github.com/tiyee/gokit/cryptor/cryptor.go:343.2,349.17 5 2
github.com/tiyee/gokit/cryptor/cryptor.go:355.54,357.15 2 1
github.com/tiyee/gokit/cryptor/cryptor.go:357.15,359.3 1 0
github.com/tiyee/gokit/cryptor/cryptor.go:361.2,362.16 2 1
github.com/tiyee/gokit/cryptor/cryptor.go:362.16,364.3 1 0
github.com/tiyee/gokit/cryptor/cryptor.go:366.2,368.55 3 1
github.com/tiyee/gokit/cryptor/cryptor.go:368.55,370.3 1 0
github.com/tiyee/gokit/cryptor/cryptor.go:372.2,375.23 3 1
github.com/tiyee/gokit/cryptor/cryptor.go:380.59,382.15 2 1
github.com/tiyee/gokit/cryptor/cryptor.go:382.15,385.3 1 0
github.com/tiyee/gokit/cryptor/cryptor.go:387.2,388.16 2 1
github.com/tiyee/gokit/cryptor/cryptor.go:388.16,390.3 1 0
github.com/tiyee/gokit/cryptor/cryptor.go:391.2,391.36 1 1
github.com/tiyee/gokit/cryptor/cryptor.go:391.36,393.3 1 0
github.com/tiyee/gokit/cryptor/cryptor.go:394.2,400.23 5 1
github.com/tiyee/gokit/cryptor/cryptor.go:405.54,407.15 2 1
github.com/tiyee/gokit/cryptor/cryptor.go:407.15,409.3 1 0
github.com/tiyee/gokit/cryptor/cryptor.go:411.2,412.16 2 1
github.com/tiyee/gokit/cryptor/cryptor.go:412.16,414.3 1 0
github.com/tiyee/gokit/cryptor/cryptor.go:415.2,418.55 4 1
github.com/tiyee/gokit/cryptor/cryptor.go:418.55,420.3 1 0
github.com/tiyee/gokit/cryptor/cryptor.go:422.2,425.23 3 1
github.com/tiyee/gokit/cryptor/cryptor.go:430.54,432.15 2 1
github.com/tiyee/gokit/cryptor/cryptor.go:432.15,434.3 1 0
github.com/tiyee/gokit/cryptor/cryptor.go:436.2,437.16 2 1
github.com/tiyee/gokit/cryptor/cryptor.go:437.16,439.3 1 0
github.com/tiyee/gokit/cryptor/cryptor.go:441.2,443.34 3 1
github.com/tiyee/gokit/cryptor/cryptor.go:443.34,445.3 1 0
github.com/tiyee/gokit/cryptor/cryptor.go:447.2,453.23 5 1
github.com/tiyee/gokit/cryptor/cryptor.go:457.71,460.16 2 1
github.com/tiyee/gokit/cryptor/cryptor.go:460.16,462.3 1 0
github.com/tiyee/gokit/cryptor/cryptor.go:464.2,472.16 4 1
github.com/tiyee/gokit/cryptor/cryptor.go:472.16,474.3 1 0
github.com/tiyee/gokit/cryptor/cryptor.go:475.2,476.16 2 1
github.com/tiyee/gokit/cryptor/cryptor.go:476.16,478.3 1 0
github.com/tiyee/gokit/cryptor/cryptor.go:480.2,486.16 4 1
github.com/tiyee/gokit/cryptor/cryptor.go:486.16,488.3 1 0
github.com/tiyee/gokit/cryptor/cryptor.go:490.2,496.16 3 1
github.com/tiyee/gokit/cryptor/cryptor.go:496.16,498.3 1 0
github.com/tiyee/gokit/cryptor/cryptor.go:500.2,501.16 2 1
github.com/tiyee/gokit/cryptor/cryptor.go:501.16,503.3 1 0
github.com/tiyee/gokit/cryptor/cryptor.go:505.2,507.12 2 1
github.com/tiyee/gokit/cryptor/cryptor.go:511.69,513.16 2 1
github.com/tiyee/gokit/cryptor/cryptor.go:513.16,515.3 1 0
github.com/tiyee/gokit/cryptor/cryptor.go:516.2,517.16 2 1
github.com/tiyee/gokit/cryptor/cryptor.go:517.16,519.3 1 0
github.com/tiyee/gokit/cryptor/cryptor.go:520.2,524.16 4 1
github.com/tiyee/gokit/cryptor/cryptor.go:524.16,526.3 1 0
github.com/tiyee/gokit/cryptor/cryptor.go:528.2,531.16 3 1
github.com/tiyee/gokit/cryptor/cryptor.go:531.16,533.3 1 0
github.com/tiyee/gokit/cryptor/cryptor.go:534.2,537.16 3 1
github.com/tiyee/gokit/cryptor/cryptor.go:537.16,539.3 1 0
github.com/tiyee/gokit/cryptor/cryptor.go:540.2,540.24 1 1
github.com/tiyee/gokit/cryptor/cryptor.go:544.73,546.16 2 1
github.com/tiyee/gokit/cryptor/cryptor.go:546.16,548.3 1 0
github.com/tiyee/gokit/cryptor/cryptor.go:549.2,550.16 2 1
github.com/tiyee/gokit/cryptor/cryptor.go:550.16,552.3 1 0
github.com/tiyee/gokit/cryptor/cryptor.go:553.2,557.16 4 1
github.com/tiyee/gokit/cryptor/cryptor.go:557.16,559.3 1 0
github.com/tiyee/gokit/cryptor/cryptor.go:561.2,564.16 3 1
github.com/tiyee/gokit/cryptor/cryptor.go:564.16,566.3 1 0
github.com/tiyee/gokit/cryptor/cryptor.go:568.2,569.16 2 1
github.com/tiyee/gokit/cryptor/cryptor.go:569.16,571.3 1 0
github.com/tiyee/gokit/cryptor/cryptor.go:572.2,572.23 1 1
github.com/tiyee/gokit/cryptor/cryptor.go:576.72,579.2 2 1
github.com/tiyee/gokit/cryptor/cryptor.go:582.83,584.16 2 1
github.com/tiyee/gokit/cryptor/cryptor.go:584.16,586.3 1 0
github.com/tiyee/gokit/cryptor/cryptor.go:588.2,588.28 1 1
github.com/tiyee/gokit/cryptor/cryptor.go:592.90,594.16 2 1
github.com/tiyee/gokit/cryptor/cryptor.go:594.16,596.3 1 0
github.com/tiyee/gokit/cryptor/cryptor.go:598.2,598.28 1 1
github.com/tiyee/gokit/cryptor/utils.go:7.50,8.24 1 10
github.com/tiyee/gokit/cryptor/utils.go:8.24,9.16 1 10
github.com/tiyee/gokit/cryptor/utils.go:9.16,11.4 1 10
github.com/tiyee/gokit/cryptor/utils.go:13.2,13.14 1 0
github.com/tiyee/gokit/cryptor/utils.go:15.50,18.31 3 2
github.com/tiyee/gokit/cryptor/utils.go:18.31,19.57 1 0
github.com/tiyee/gokit/cryptor/utils.go:19.57,21.4 1 0
github.com/tiyee/gokit/cryptor/utils.go:23.2,23.15 1 2
github.com/tiyee/gokit/cryptor/utils.go:26.40,29.28 3 2
github.com/tiyee/gokit/cryptor/utils.go:29.28,30.54 1 0
github.com/tiyee/gokit/cryptor/utils.go:30.54,32.4 1 0
github.com/tiyee/gokit/cryptor/utils.go:34.2,34.15 1 2
github.com/tiyee/gokit/cryptor/utils.go:37.53,41.2 3 4
github.com/tiyee/gokit/cryptor/utils.go:43.40,47.2 3 4
github.com/tiyee/gokit/internal/assert/assert.go:27.36,29.2 1 0
github.com/tiyee/gokit/internal/assert/assert.go:31.33,33.2 1 0
github.com/tiyee/gokit/internal/assert/assert.go:36.55,38.2 1 13
github.com/tiyee/gokit/internal/assert/assert.go:41.57,42.24 1 13
github.com/tiyee/gokit/internal/assert/assert.go:42.24,44.3 1 0
github.com/tiyee/gokit/internal/assert/assert.go:48.44,49.21 1 0
github.com/tiyee/gokit/internal/assert/assert.go:49.21,51.3 1 0
github.com/tiyee/gokit/internal/assert/assert.go:55.60,56.24 1 0
github.com/tiyee/gokit/internal/assert/assert.go:56.24,58.3 1 0
github.com/tiyee/gokit/internal/assert/assert.go:62.55,63.24 1 0
github.com/tiyee/gokit/internal/assert/assert.go:63.24,66.3 2 0
github.com/tiyee/gokit/internal/assert/assert.go:70.56,71.23 1 0
github.com/tiyee/gokit/internal/assert/assert.go:71.23,74.3 2 0
github.com/tiyee/gokit/internal/assert/assert.go:78.55,79.24 1 0
github.com/tiyee/gokit/internal/assert/assert.go:79.24,82.3 2 0
github.com/tiyee/gokit/internal/assert/assert.go:86.56,88.23 1 0
github.com/tiyee/gokit/internal/assert/assert.go:88.23,91.3 2 0
github.com/tiyee/gokit/internal/assert/assert.go:95.30,96.90 1 23
github.com/tiyee/gokit/internal/assert/assert.go:96.90,98.3 1 23
github.com/tiyee/gokit/internal/assert/assert.go:100.2,100.45 1 0
github.com/tiyee/gokit/internal/assert/assert.go:104.33,105.90 1 0
github.com/tiyee/gokit/internal/assert/assert.go:105.90,107.3 1 0
github.com/tiyee/gokit/internal/assert/assert.go:109.62,110.30 1 0
github.com/tiyee/gokit/internal/assert/assert.go:110.30,112.3 1 0
github.com/tiyee/gokit/internal/assert/assert.go:114.54,116.24 2 0
github.com/tiyee/gokit/internal/assert/assert.go:116.24,117.13 1 0
github.com/tiyee/gokit/internal/assert/assert.go:117.13,119.9 2 0
github.com/tiyee/gokit/internal/assert/assert.go:122.2,122.12 1 0
github.com/tiyee/gokit/internal/assert/assert.go:122.12,124.3 1 0
github.com/tiyee/gokit/internal/assert/assert.go:131.78,133.15 2 0
github.com/tiyee/gokit/internal/assert/assert.go:133.15,135.15 2 0
github.com/tiyee/gokit/internal/assert/assert.go:135.15,137.4 1 0
github.com/tiyee/gokit/internal/assert/assert.go:141.2,144.8 3 0
github.com/tiyee/gokit/internal/assert/assert.go:148.41,149.58 1 0
github.com/tiyee/gokit/internal/assert/assert.go:149.58,151.3 1 0
github.com/tiyee/gokit/internal/assert/assert.go:156.74,161.2 4 0
